빌드 시작: 2017-03-31 오전 10:48:00
     1>2 노드의 "J:\객체\수업\0331\20170331_C++\20170331\20170331.vcxproj" 프로젝트(build 대상)입니다.
     1>InitializeBuildStatus:
         "AlwaysCreate"이(가) 지정되었기 때문에 "Debug\20170331.unsuccessfulbuild"을(를) 만들고 있습니다.
       ClCompile:
         C:\Program Files\Microsoft Visual Studio 10.0\VC\bin\CL.exe /c /ZI /nologo /W3 /WX- /Od /Oy- /D WIN32 /D _DEBUG /D _CONSOLE /D _UNICODE /D UNICODE /Gm /EHsc /RTC1 /MDd /GS /fp:precise /Zc:wchar_t /Zc:forScope /Fo"Debug\\" /Fd"Debug\vc100.pdb" /Gd /TP /analyze- /errorReport:prompt JSY_Student.cpp JSY_main.cpp
         JSY_Student.cpp
         코드를 생성하고 있습니다...
         컴파일하고 있습니다...
         JSY_main.cpp
         코드를 생성하고 있습니다...
       Link:
         C:\Program Files\Microsoft Visual Studio 10.0\VC\bin\link.exe /ERRORREPORT:PROMPT /OUT:"J:\객체\수업\0331\20170331_C++\Debug\20170331.exe" /INCREMENTAL /NOLOGO kernel32.lib user32.lib gdi32.lib winspool.lib comdlg32.lib advapi32.lib shell32.lib ole32.lib oleaut32.lib uuid.lib odbc32.lib odbccp32.lib /MANIFEST /ManifestFile:"Debug\20170331.exe.intermediate.manifest" /MANIFESTUAC:"level='asInvoker' uiAccess='false'" /DEBUG /PDB:"J:\객체\수업\0331\20170331_C++\Debug\20170331.pdb" /SUBSYSTEM:CONSOLE /TLBID:1 /DYNAMICBASE /NXCOMPAT /IMPLIB:"J:\객체\수업\0331\20170331_C++\Debug\20170331.lib" /MACHINE:X86 Debug\JSY_0331.obj
         Debug\JSY_main.obj
         Debug\JSY_Student.obj
         20170331.vcxproj -> J:\객체\수업\0331\20170331_C++\Debug\20170331.exe
       Manifest:
         C:\Program Files\Microsoft SDKs\Windows\v7.0A\bin\mt.exe /nologo /verbose /out:"J:\객체\수업\0331\20170331_C++\Debug\20170331.exe.manifest" /manifest Debug\20170331.exe.intermediate.manifest
       FinalizeBuildStatus:
         "Debug\20170331.unsuccessfulbuild" 파일을 삭제하고 있습니다.
         "Debug\20170331.lastbuildstate"에 연결(touching)하고 있습니다.
     1>"J:\객체\수업\0331\20170331_C++\20170331\20170331.vcxproj" 프로젝트를 빌드했습니다(build 대상).

빌드했습니다.

경과 시간: 00:00:02.55
